2013-10-03 04:13:52 Debug: permission: actionUrl-rolls/index
2013-10-03 04:22:28 Debug: permission: actionUrl-users/dashboard
2013-10-03 04:25:25 Debug: permission: actionUrl-users/changePassword
2013-10-03 04:25:46 Debug: permission: actionUrl-dyingstatuses/index
2013-10-03 05:08:31 Debug: permission: actionUrl-jobcards/index
2013-10-03 06:10:22 Debug: permission: actionUrl-internalorders/index
2013-10-03 08:45:56 Debug: permission: actionUrl-internalorders/place
2013-10-04 00:47:21 Debug: permission: actionUrl-jobcards/find
2013-10-04 00:59:57 Debug: permission: actionUrl-jobcards/index
2013-10-04 02:15:13 Debug: permission: actionUrl-jobcards/index
2013-10-04 04:32:57 Debug: permission: actionUrl-knitingplans/index
2013-10-04 05:28:52 Debug: permission: actionUrl-knitingplans/detail
2013-10-04 06:58:00 Debug: permission: actionUrl-knitingplans/detail
2013-10-04 07:15:03 Debug: permission: actionUrl-users/dashboard
2013-10-04 07:16:16 Debug: permission: actionUrl-users/changePassword
2013-10-04 07:17:01 Debug: permission: actionUrl-users/changePassword
2013-10-04 07:19:29 Debug: permission: actionUrl-rolls/edit
2013-10-04 07:22:09 Debug: permission: actionUrl-users/dashboard
2013-10-04 07:22:16 Debug: permission: actionUrl-rolls/index
2013-10-04 07:23:53 Debug: permission: actionUrl-users/dashboard
2013-10-04 07:23:58 Debug: permission: actionUrl-rolls/index
2013-10-04 07:24:17 Debug: permission: actionUrl-rolls/index
2013-10-04 07:24:39 Debug: permission: actionUrl-rolls/index
2013-10-04 07:25:19 Debug: permission: actionUrl-users/dashboard
2013-10-04 07:25:36 Debug: permission: actionUrl-rolls/index
2013-10-04 07:25:48 Debug: permission: actionUrl-rolls/index
2013-10-04 07:27:49 Debug: permission: actionUrl-users/dashboard
2013-10-04 07:27:56 Debug: permission: actionUrl-rolls/index
2013-10-04 07:30:59 Debug: permission: actionUrl-users/dashboard
2013-10-04 07:34:56 Debug: permission: actionUrl-users/dashboard
2013-10-04 07:35:35 Debug: permission: actionUrl-dyingstatuses/index
2013-10-04 07:36:14 Debug: permission: actionUrl-dyingstatuses/add
2013-10-04 07:36:52 Debug: permission: actionUrl-users/dashboard
2013-10-04 07:47:08 Debug: permission: actionUrl-users/dashboard
2013-10-04 07:47:31 Debug: permission: actionUrl-finishingstatuses/index
2013-10-04 07:47:58 Debug: permission: actionUrl-finishingstatuses/index
2013-10-04 08:17:21 Debug: permission: actionUrl-finishingstatuses/index
2013-10-04 08:18:05 Debug: permission: actionUrl-users/dashboard
2013-10-04 08:18:17 Debug: permission: actionUrl-finishingstatuses/index
2013-10-04 08:18:54 Debug: permission: actionUrl-rolls/index
2013-10-04 08:18:58 Debug: permission: actionUrl-rolls/add
2013-10-04 08:19:35 Debug: permission: actionUrl-users/dashboard
2013-10-04 08:39:46 Debug: permission: actionUrl-users/dashboard
2013-10-04 08:40:55 Debug: permission: actionUrl-users/dashboard
2013-10-04 08:41:19 Debug: permission: actionUrl-rolls/index
2013-10-04 08:43:09 Debug: permission: actionUrl-users/dashboard
2013-10-04 08:43:23 Debug: permission: actionUrl-finishingstatuses/index
2013-10-04 08:45:16 Debug: permission: actionUrl-rolls/index
2013-10-04 09:19:36 Debug: permission: actionUrl-users/dashboard
2013-10-04 09:20:32 Debug: permission: actionUrl-Finishingstatuses/index
2013-10-04 09:20:42 Debug: permission: actionUrl-users/dashboard
2013-10-04 09:20:47 Debug: permission: actionUrl-Finishingstatuses/index
2013-10-04 09:21:10 Debug: permission: actionUrl-users/dashboard
2013-10-04 09:21:14 Debug: permission: actionUrl-Finishingstatuses/index
2013-10-04 09:47:11 Debug: permission: actionUrl-finishingstatuses/index
2013-10-04 09:47:15 Debug: permission: actionUrl-rolls/find
2013-10-04 19:50:11 Debug: permission: actionUrl-users/dashboard
2013-10-04 20:11:12 Debug: permission: actionUrl-users/dashboard
2013-10-04 20:13:30 Debug: permission: actionUrl-users/dashboard
